Copyright 1986-2020 Xilinx, Inc. All Rights Reserved.
------------------------------------------------------------------------------------------------------------------------
| Tool Version : Vivado v.2020.1 (lin64) Build 2902540 Wed May 27 19:54:35 MDT 2020
| Date         : Mon May 16 00:29:14 2022
| Host         : riscmakers.home running 64-bit CentOS Linux release 8.5.2111
| Command      : report_timing -nworst 1 -delay_type max -sort_by group -file reports_cva6_sim_impl/cva6_sim.timing.rpt
| Design       : cva6_zybo_z7_20
| Device       : 7z020-clg400
| Speed File   : -1  PRODUCTION 1.12 2019-11-22
------------------------------------------------------------------------------------------------------------------------

Timing Report

Slack (MET) :             0.521ns  (required time - arrival time)
  Source:                 i_dmi_jtag/i_dmi_cdc/i_cdc_resp/i_dst/ack_dst_q_reg/C
                            (rising edge-triggered cell FDCE clocked by tck  {rise@0.000ns fall@50.000ns period=100.000ns})
  Destination:            i_dmi_jtag/i_dmi_cdc/i_cdc_resp/i_src/ack_src_q_reg/D
                            (rising edge-triggered cell FDCE clocked by clk_out1_xlnx_clk_gen  {rise@0.000ns fall@11.111ns period=22.222ns})
  Path Group:             clk_out1_xlnx_clk_gen
  Path Type:              Setup (Max at Slow Process Corner)
  Requirement:            11.111ns  (clk_out1_xlnx_clk_gen rise@111.111ns - tck rise@100.000ns)
  Data Path Delay:        1.353ns  (logic 0.456ns (33.700%)  route 0.897ns (66.300%))
  Logic Levels:           0  
  Clock Path Skew:        -8.581ns (DCD - SCD + CPR)
    Destination Clock Delay (DCD):    -1.449ns = ( 109.663 - 111.111 ) 
    Source Clock Delay      (SCD):    7.132ns = ( 107.132 - 100.000 ) 
    Clock Pessimism Removal (CPR):    0.000ns
  Clock Uncertainty:      0.595ns  ((TSJ^2 + TIJ^2 + DJ^2)^1/2) / 2 + PE
    Total System Jitter     (TSJ):    0.071ns
    Total Input Jitter      (TIJ):    1.000ns
    Discrete Jitter          (DJ):    0.136ns
    Phase Error              (PE):    0.089ns
  Clock Domain Crossing:  Inter clock paths are considered valid unless explicitly excluded by timing constraints such as set_clock_groups or set_false_path.

    Location             Delay type                Incr(ns)  Path(ns)    Netlist Resource(s)
  -------------------------------------------------------------------    -------------------
                         (clock tck rise edge)      100.000   100.000 r  
    H15                                               0.000   100.000 r  tck (IN)
                         net (fo=0)                   0.000   100.000    tck
    H15                  IBUF (Prop_ibuf_I_O)         1.500   101.500 r  tck_IBUF_inst/O
                         net (fo=1, routed)           3.659   105.159    tck_IBUF
    BUFGCTRL_X0Y0        BUFG (Prop_bufg_I_O)         0.101   105.260 r  tck_IBUF_BUFG_inst/O
                         net (fo=257, routed)         1.872   107.132    i_dmi_jtag/i_dmi_cdc/i_cdc_resp/i_dst/tck_IBUF_BUFG
    SLICE_X110Y34        FDCE                                         r  i_dmi_jtag/i_dmi_cdc/i_cdc_resp/i_dst/ack_dst_q_reg/C
  -------------------------------------------------------------------    -------------------
    SLICE_X110Y34        FDCE (Prop_fdce_C_Q)         0.456   107.588 r  i_dmi_jtag/i_dmi_cdc/i_cdc_resp/i_dst/ack_dst_q_reg/Q
                         net (fo=6, routed)           0.897   108.486    i_dmi_jtag/i_dmi_cdc/i_cdc_resp/i_src/ack_src_q_reg_0
    SLICE_X113Y34        FDCE                                         r  i_dmi_jtag/i_dmi_cdc/i_cdc_resp/i_src/ack_src_q_reg/D
  -------------------------------------------------------------------    -------------------

                         (clock clk_out1_xlnx_clk_gen rise edge)
                                                    111.111   111.111 r  
    K17                                               0.000   111.111 r  clk_sys (IN)
                         net (fo=0)                   0.000   111.111    i_xlnx_clk_gen/inst/clk_in1
    K17                  IBUF (Prop_ibuf_I_O)         1.404   112.515 r  i_xlnx_clk_gen/inst/clkin1_ibufg/O
                         net (fo=1, routed)           1.162   113.677    i_xlnx_clk_gen/inst/clk_in1_xlnx_clk_gen
    MMCME2_ADV_X1Y2      MMCME2_ADV (Prop_mmcme2_adv_CLKIN1_CLKOUT0)
                                                     -7.814   105.863 r  i_xlnx_clk_gen/inst/mmcm_adv_inst/CLKOUT0
                         net (fo=1, routed)           2.012   107.875    i_xlnx_clk_gen/inst/clk_out1_xlnx_clk_gen
    BUFGCTRL_X0Y16       BUFG (Prop_bufg_I_O)         0.091   107.966 r  i_xlnx_clk_gen/inst/clkout1_buf/O
                         net (fo=21387, routed)       1.696   109.663    i_dmi_jtag/i_dmi_cdc/i_cdc_resp/i_src/clk_out1
    SLICE_X113Y34        FDCE                                         r  i_dmi_jtag/i_dmi_cdc/i_cdc_resp/i_src/ack_src_q_reg/C
                         clock pessimism              0.000   109.663    
                         clock uncertainty           -0.595   109.067    
    SLICE_X113Y34        FDCE (Setup_fdce_C_D)       -0.061   109.006    i_dmi_jtag/i_dmi_cdc/i_cdc_resp/i_src/ack_src_q_reg
  -------------------------------------------------------------------
                         required time                        109.006    
                         arrival time                        -108.486    
  -------------------------------------------------------------------
                         slack                                  0.521    

Slack (MET) :             1.297ns  (required time - arrival time)
  Source:                 i_dmi_jtag/i_dmi_jtag_tap/td_o_reg/C
                            (falling edge-triggered cell FDCE clocked by tck  {rise@0.000ns fall@50.000ns period=100.000ns})
  Destination:            tdo
                            (output port clocked by tck  {rise@0.000ns fall@50.000ns period=100.000ns})
  Path Group:             tck
  Path Type:              Max at Slow Process Corner
  Requirement:            20.000ns  (MaxDelay Path 20.000ns)
  Data Path Delay:        6.076ns  (logic 4.015ns (66.089%)  route 2.060ns (33.911%))
  Logic Levels:           1  (OBUF=1)
  Output Delay:           5.000ns
  Clock Path Skew:        -7.126ns (DCD - SCD + CPR)
    Destination Clock Delay (DCD):    0.000ns
    Source Clock Delay      (SCD):    7.126ns
    Clock Pessimism Removal (CPR):    0.000ns
  Clock Uncertainty:      0.501ns  ((TSJ^2 + TIJ^2)^1/2 + DJ) / 2 + PE
    Total System Jitter     (TSJ):    0.071ns
    Total Input Jitter      (TIJ):    1.000ns
    Discrete Jitter          (DJ):    0.000ns
    Phase Error              (PE):    0.000ns
  Timing Exception:       MaxDelay Path 20.000ns

    Location             Delay type                Incr(ns)  Path(ns)    Netlist Resource(s)
  -------------------------------------------------------------------    -------------------
                         (clock tck fall edge)        0.000     0.000 f  
    H15                                               0.000     0.000 f  tck (IN)
                         net (fo=0)                   0.000     0.000    tck
    H15                  IBUF (Prop_ibuf_I_O)         1.500     1.500 f  tck_IBUF_inst/O
                         net (fo=1, routed)           3.659     5.159    tck_IBUF
    BUFGCTRL_X0Y0        BUFG (Prop_bufg_I_O)         0.101     5.260 f  tck_IBUF_BUFG_inst/O
                         net (fo=257, routed)         1.866     7.126    i_dmi_jtag/i_dmi_jtag_tap/tck_ni
    SLICE_X113Y90        FDCE                                         r  i_dmi_jtag/i_dmi_jtag_tap/td_o_reg/C  (IS_INVERTED)
  -------------------------------------------------------------------    -------------------
    SLICE_X113Y90        FDCE (Prop_fdce_C_Q)         0.459     7.585 r  i_dmi_jtag/i_dmi_jtag_tap/td_o_reg/Q
                         net (fo=1, routed)           2.060     9.646    tdo_OBUF
    J15                  OBUF (Prop_obuf_I_O)         3.556    13.202 r  tdo_OBUF_inst/O
                         net (fo=0)                   0.000    13.202    tdo
    J15                                                               r  tdo (OUT)
  -------------------------------------------------------------------    -------------------

                         max delay                   20.000    20.000    
                         clock pessimism              0.000    20.000    
                         clock uncertainty           -0.501    19.499    
                         output delay                -5.000    14.499    
  -------------------------------------------------------------------
                         required time                         14.499    
                         arrival time                         -13.202    
  -------------------------------------------------------------------
                         slack                                  1.297    

Slack (MET) :             18.884ns  (required time - arrival time)
  Source:                 i_dm_top/i_dm_csrs/dmcontrol_q_reg[ndmreset]/C
                            (rising edge-triggered cell FDCE clocked by clk_out1_xlnx_clk_gen  {rise@0.000ns fall@11.111ns period=22.222ns})
  Destination:            i_rstgen_main/i_rstgen_bypass/synch_regs_q_reg[2]/CLR
                            (recovery check against rising-edge clock clk_out1_xlnx_clk_gen  {rise@0.000ns fall@11.111ns period=22.222ns})
  Path Group:             **async_default**
  Path Type:              Recovery (Max at Slow Process Corner)
  Requirement:            22.222ns  (clk_out1_xlnx_clk_gen rise@22.222ns - clk_out1_xlnx_clk_gen rise@0.000ns)
  Data Path Delay:        2.736ns  (logic 0.580ns (21.199%)  route 2.156ns (78.801%))
  Logic Levels:           1  (LUT2=1)
  Clock Path Skew:        -0.121ns (DCD - SCD + CPR)
    Destination Clock Delay (DCD):    -1.520ns = ( 20.703 - 22.222 ) 
    Source Clock Delay      (SCD):    -0.831ns
    Clock Pessimism Removal (CPR):    0.567ns
  Clock Uncertainty:      0.077ns  ((TSJ^2 + DJ^2)^1/2) / 2 + PE
    Total System Jitter     (TSJ):    0.071ns
    Discrete Jitter          (DJ):    0.136ns
    Phase Error              (PE):    0.000ns

    Location             Delay type                Incr(ns)  Path(ns)    Netlist Resource(s)
  -------------------------------------------------------------------    -------------------
                         (clock clk_out1_xlnx_clk_gen rise edge)
                                                      0.000     0.000 r  
    K17                                               0.000     0.000 r  clk_sys (IN)
                         net (fo=0)                   0.000     0.000    i_xlnx_clk_gen/inst/clk_in1
    K17                  IBUF (Prop_ibuf_I_O)         1.475     1.475 r  i_xlnx_clk_gen/inst/clkin1_ibufg/O
                         net (fo=1, routed)           1.285     2.760    i_xlnx_clk_gen/inst/clk_in1_xlnx_clk_gen
    MMCME2_ADV_X1Y2      MMCME2_ADV (Prop_mmcme2_adv_CLKIN1_CLKOUT0)
                                                     -7.759    -4.999 r  i_xlnx_clk_gen/inst/mmcm_adv_inst/CLKOUT0
                         net (fo=1, routed)           2.206    -2.793    i_xlnx_clk_gen/inst/clk_out1_xlnx_clk_gen
    BUFGCTRL_X0Y16       BUFG (Prop_bufg_I_O)         0.101    -2.692 r  i_xlnx_clk_gen/inst/clkout1_buf/O
                         net (fo=21387, routed)       1.861    -0.831    i_dm_top/i_dm_csrs/clk_out1
    SLICE_X109Y25        FDCE                                         r  i_dm_top/i_dm_csrs/dmcontrol_q_reg[ndmreset]/C
  -------------------------------------------------------------------    -------------------
    SLICE_X109Y25        FDCE (Prop_fdce_C_Q)         0.456    -0.375 f  i_dm_top/i_dm_csrs/dmcontrol_q_reg[ndmreset]/Q
                         net (fo=3, routed)           1.136     0.761    i_dm_top/i_dm_csrs/ndmreset
    SLICE_X111Y38        LUT2 (Prop_lut2_I0_O)        0.124     0.885 f  i_dm_top/i_dm_csrs/synch_regs_q[3]_i_1/O
                         net (fo=4, routed)           1.020     1.905    i_rstgen_main/i_rstgen_bypass/synch_regs_q_reg[3]_1
    SLICE_X105Y41        FDCE                                         f  i_rstgen_main/i_rstgen_bypass/synch_regs_q_reg[2]/CLR
  -------------------------------------------------------------------    -------------------

                         (clock clk_out1_xlnx_clk_gen rise edge)
                                                     22.222    22.222 r  
    K17                                               0.000    22.222 r  clk_sys (IN)
                         net (fo=0)                   0.000    22.222    i_xlnx_clk_gen/inst/clk_in1
    K17                  IBUF (Prop_ibuf_I_O)         1.404    23.627 r  i_xlnx_clk_gen/inst/clkin1_ibufg/O
                         net (fo=1, routed)           1.162    24.788    i_xlnx_clk_gen/inst/clk_in1_xlnx_clk_gen
    MMCME2_ADV_X1Y2      MMCME2_ADV (Prop_mmcme2_adv_CLKIN1_CLKOUT0)
                                                     -7.814    16.974 r  i_xlnx_clk_gen/inst/mmcm_adv_inst/CLKOUT0
                         net (fo=1, routed)           2.012    18.986    i_xlnx_clk_gen/inst/clk_out1_xlnx_clk_gen
    BUFGCTRL_X0Y16       BUFG (Prop_bufg_I_O)         0.091    19.077 r  i_xlnx_clk_gen/inst/clkout1_buf/O
                         net (fo=21387, routed)       1.625    20.703    i_rstgen_main/i_rstgen_bypass/clk_out1
    SLICE_X105Y41        FDCE                                         r  i_rstgen_main/i_rstgen_bypass/synch_regs_q_reg[2]/C
                         clock pessimism              0.567    21.270    
                         clock uncertainty           -0.077    21.193    
    SLICE_X105Y41        FDCE (Recov_fdce_C_CLR)     -0.405    20.788    i_rstgen_main/i_rstgen_bypass/synch_regs_q_reg[2]
  -------------------------------------------------------------------
                         required time                         20.788    
                         arrival time                          -1.905    
  -------------------------------------------------------------------
                         slack                                 18.884    




